# JRE version: OpenJDK Runtime Environment (17.0.9) (build 17.0.9+0--11185874)
# Java VM: OpenJDK 64-Bit Server VM (17.0.9+0--11185874, mixed mode, tiered, compressed oops, compressed class ptrs, g1 gc, windows-amd64)
GC Precious Log:
 CPUs: 8 total, 8 available
 Memory: 8075M
 Large Page Support: Disabled
 NUMA Support: Disabled
 Compressed Oops: Enabled (32-bit)
 Heap Region Size: 1M
 Heap Min Capacity: 8M
 Heap Initial Capacity: 128M
 Heap Max Capacity: 2G
 Pre-touch: Disabled
 Parallel Workers: 8
 Concurrent Workers: 2
 Concurrent Refinement Workers: 8
 Periodic GC: Disabled
Heap:
 garbage-first heap   total 166912K, used 99346K [0x0000000080000000, 0x0000000100000000)
  region size 1024K, 36 young (36864K), 6 survivors (6144K)
 Metaspace       used 92563K, committed 93248K, reserved 1179648K
  class space    used 12893K, committed 13184K, reserved 1048576K
GC Heap History (20 events):
Event: 19.020 GC heap before
{Heap before GC invocations=30 (full 0):
 garbage-first heap   total 116736K, used 55905K [0x0000000080000000, 0x0000000100000000)
  region size 1024K, 5 young (5120K), 2 survivors (2048K)
 Metaspace       used 69369K, committed 69888K, reserved 1114112K
  class space    used 9345K, committed 9600K, reserved 1048576K
}
Event: 19.024 GC heap after
{Heap after GC invocations=31 (full 0):
 garbage-first heap   total 116736K, used 54005K [0x0000000080000000, 0x0000000100000000)
  region size 1024K, 1 young (1024K), 1 survivors (1024K)
 Metaspace       used 69369K, committed 69888K, reserved 1114112K
  class space    used 9345K, committed 9600K, reserved 1048576K
}
Event: 20.042 GC heap before
{Heap before GC invocations=31 (full 0):
 garbage-first heap   total 116736K, used 91893K [0x0000000080000000, 0x0000000100000000)
  region size 1024K, 32 young (32768K), 1 survivors (1024K)
 Metaspace       used 71396K, committed 72000K, reserved 1114112K
  class space    used 9682K, committed 9984K, reserved 1048576K
}
Event: 20.047 GC heap after
{Heap after GC invocations=32 (full 0):
 garbage-first heap   total 116736K, used 62949K [0x0000000080000000, 0x0000000100000000)
  region size 1024K, 4 young (4096K), 4 survivors (4096K)
 Metaspace       used 71396K, committed 72000K, reserved 1114112K
  class space    used 9682K, committed 9984K, reserved 1048576K
}
Event: 20.360 GC heap before
{Heap before GC invocations=33 (full 0):
 garbage-first heap   total 116736K, used 87525K [0x0000000080000000, 0x0000000100000000)
  region size 1024K, 29 young (29696K), 4 survivors (4096K)
 Metaspace       used 73120K, committed 73728K, reserved 1114112K
  class space    used 9923K, committed 10240K, reserved 1048576K
}
Event: 20.363 GC heap after
{Heap after GC invocations=34 (full 0):
 garbage-first heap   total 116736K, used 60393K [0x0000000080000000, 0x0000000100000000)
  region size 1024K, 3 young (3072K), 3 survivors (3072K)
 Metaspace       used 73120K, committed 73728K, reserved 1114112K
  class space    used 9923K, committed 10240K, reserved 1048576K
}
Event: 20.381 GC heap before
{Heap before GC invocations=34 (full 0):
 garbage-first heap   total 116736K, used 62441K [0x0000000080000000, 0x0000000100000000)
  region size 1024K, 5 young (5120K), 3 survivors (3072K)
 Metaspace       used 73253K, committed 73920K, reserved 1114112K
  class space    used 9938K, committed 10240K, reserved 1048576K
}
Event: 20.383 GC heap after
{Heap after GC invocations=35 (full 0):
 garbage-first heap   total 116736K, used 59982K [0x0000000080000000, 0x0000000100000000)
  region size 1024K, 1 young (1024K), 1 survivors (1024K)
 Metaspace       used 73253K, committed 73920K, reserved 1114112K
  class space    used 9938K, committed 10240K, reserved 1048576K
}
Event: 20.723 GC heap before
{Heap before GC invocations=35 (full 0):
 garbage-first heap   total 116736K, used 88654K [0x0000000080000000, 0x0000000100000000)
  region size 1024K, 29 young (29696K), 1 survivors (1024K)
 Metaspace       used 75260K, committed 75904K, reserved 1179648K
  class space    used 10198K, committed 10496K, reserved 1048576K
}
Event: 20.725 GC heap after
{Heap after GC invocations=36 (full 0):
 garbage-first heap   total 116736K, used 61166K [0x0000000080000000, 0x0000000100000000)
  region size 1024K, 2 young (2048K), 2 survivors (2048K)
 Metaspace       used 75260K, committed 75904K, reserved 1179648K
  class space    used 10198K, committed 10496K, reserved 1048576K
}
Event: 21.177 GC heap before
{Heap before GC invocations=36 (full 0):
 garbage-first heap   total 116736K, used 90862K [0x0000000080000000, 0x0000000100000000)
  region size 1024K, 31 young (31744K), 2 survivors (2048K)
 Metaspace       used 78924K, committed 79488K, reserved 1179648K
  class space    used 10724K, committed 11008K, reserved 1048576K
}
Event: 21.180 GC heap after
{Heap after GC invocations=37 (full 0):
 garbage-first heap   total 116736K, used 62129K [0x0000000080000000, 0x0000000100000000)
  region size 1024K, 3 young (3072K), 3 survivors (3072K)
 Metaspace       used 78924K, committed 79488K, reserved 1179648K
  class space    used 10724K, committed 11008K, reserved 1048576K
}
Event: 21.900 GC heap before
{Heap before GC invocations=37 (full 0):
 garbage-first heap   total 116736K, used 92849K [0x0000000080000000, 0x0000000100000000)
  region size 1024K, 33 young (33792K), 3 survivors (3072K)
 Metaspace       used 80892K, committed 81536K, reserved 1179648K
  class space    used 10971K, committed 11264K, reserved 1048576K
}
Event: 21.905 GC heap after
{Heap after GC invocations=38 (full 0):
 garbage-first heap   total 116736K, used 64022K [0x0000000080000000, 0x0000000100000000)
  region size 1024K, 5 young (5120K), 5 survivors (5120K)
 Metaspace       used 80892K, committed 81536K, reserved 1179648K
  class space    used 10971K, committed 11264K, reserved 1048576K
}
Event: 22.330 GC heap before
{Heap before GC invocations=38 (full 0):
 garbage-first heap   total 116736K, used 94742K [0x0000000080000000, 0x0000000100000000)
  region size 1024K, 34 young (34816K), 5 survivors (5120K)
 Metaspace       used 82806K, committed 83456K, reserved 1179648K
  class space    used 11254K, committed 11584K, reserved 1048576K
}
Event: 22.335 GC heap after
{Heap after GC invocations=39 (full 0):
 garbage-first heap   total 116736K, used 65032K [0x0000000080000000, 0x0000000100000000)
  region size 1024K, 3 young (3072K), 3 survivors (3072K)
 Metaspace       used 82806K, committed 83456K, reserved 1179648K
  class space    used 11254K, committed 11584K, reserved 1048576K
}
Event: 22.782 GC heap before
{Heap before GC invocations=39 (full 0):
 garbage-first heap   total 116736K, used 95752K [0x0000000080000000, 0x0000000100000000)
  region size 1024K, 33 young (33792K), 3 survivors (3072K)
 Metaspace       used 85046K, committed 85696K, reserved 1179648K
  class space    used 11730K, committed 12032K, reserved 1048576K
}
Event: 22.786 GC heap after
{Heap after GC invocations=40 (full 0):
 garbage-first heap   total 166912K, used 66176K [0x0000000080000000, 0x0000000100000000)
  region size 1024K, 3 young (3072K), 3 survivors (3072K)
 Metaspace       used 85046K, committed 85696K, reserved 1179648K
  class space    used 11730K, committed 12032K, reserved 1048576K
}
Event: 24.205 GC heap before
{Heap before GC invocations=40 (full 0):
 garbage-first heap   total 166912K, used 132736K [0x0000000080000000, 0x0000000100000000)
  region size 1024K, 68 young (69632K), 3 survivors (3072K)
 Metaspace       used 90149K, committed 90816K, reserved 1179648K
  class space    used 12494K, committed 12800K, reserved 1048576K
}
Event: 24.210 GC heap after
{Heap after GC invocations=41 (full 0):
 garbage-first heap   total 166912K, used 69650K [0x0000000080000000, 0x0000000100000000)
  region size 1024K, 6 young (6144K), 6 survivors (6144K)
 Metaspace       used 90149K, committed 90816K, reserved 1179648K
  class space    used 12494K, committed 12800K, reserved 1048576K
}

